<?xml version="1.0" encoding="UTF-8"?>
<!-- Generated by org.testng.reporters.JUnitReportReporter -->
<testsuite skipped="0" hostname="DESKTOP-8UCFDRT" name="testCases.TestCase_001" tests="1" failures="0" timestamp="22 Jul 2020 19:49:45 GMT" time="71.598" errors="0">
  <testcase name="playerProfile" time="71.598" classname="testCases.TestCase_001"/>
</testsuite> <!-- testCases.TestCase_001 -->
