<?xml version="1.0" encoding="UTF-8"?>
<!-- Generated by org.testng.reporters.JUnitReportReporter -->
<testsuite skipped="0" hostname="DESKTOP-8UCFDRT" name="testCases.TestCase_001" tests="1" failures="0" timestamp="22 Jul 2020 17:59:28 GMT" time="51.182" errors="0">
  <testcase name="playerProfile" time="51.182" classname="testCases.TestCase_001"/>
</testsuite> <!-- testCases.TestCase_001 -->
